Sentence #1 (17 tokens):
The English Theatre of Hamburg near U3 Mundsburg station is the oldest professional theatre in Germany.

Tokens:
[Text=The CharacterOffsetBegin=2 CharacterOffsetEnd=5 PartOfSpeech=DT Lemma=the NamedEntityTag=O]
[Text=English CharacterOffsetBegin=6 CharacterOffsetEnd=13 PartOfSpeech=NNP Lemma=English NamedEntityTag=NATIONALITY]
[Text=Theatre CharacterOffsetBegin=14 CharacterOffsetEnd=21 PartOfSpeech=NNP Lemma=Theatre NamedEntityTag=O]
[Text=of CharacterOffsetBegin=22 CharacterOffsetEnd=24 PartOfSpeech=IN Lemma=of NamedEntityTag=O]
[Text=Hamburg CharacterOffsetBegin=25 CharacterOffsetEnd=32 PartOfSpeech=NNP Lemma=Hamburg NamedEntityTag=CITY]
[Text=near CharacterOffsetBegin=33 CharacterOffsetEnd=37 PartOfSpeech=IN Lemma=near NamedEntityTag=O]
[Text=U3 CharacterOffsetBegin=38 CharacterOffsetEnd=40 PartOfSpeech=NN Lemma=u3 NamedEntityTag=LOCATION]
[Text=Mundsburg CharacterOffsetBegin=41 CharacterOffsetEnd=50 PartOfSpeech=NN Lemma=mundsburg NamedEntityTag=LOCATION]
[Text=station CharacterOffsetBegin=51 CharacterOffsetEnd=58 PartOfSpeech=NN Lemma=station NamedEntityTag=O]
[Text=is CharacterOffsetBegin=59 CharacterOffsetEnd=61 PartOfSpeech=VBZ Lemma=be NamedEntityTag=O]
[Text=the CharacterOffsetBegin=62 CharacterOffsetEnd=65 PartOfSpeech=DT Lemma=the NamedEntityTag=O]
[Text=oldest CharacterOffsetBegin=66 CharacterOffsetEnd=72 PartOfSpeech=JJS Lemma=oldest NamedEntityTag=O]
[Text=professional CharacterOffsetBegin=73 CharacterOffsetEnd=85 PartOfSpeech=JJ Lemma=professional NamedEntityTag=O]
[Text=theatre CharacterOffsetBegin=86 CharacterOffsetEnd=93 PartOfSpeech=NN Lemma=theatre NamedEntityTag=O]
[Text=in CharacterOffsetBegin=94 CharacterOffsetEnd=96 PartOfSpeech=IN Lemma=in NamedEntityTag=O]
[Text=Germany CharacterOffsetBegin=97 CharacterOffsetEnd=104 PartOfSpeech=NNP Lemma=Germany NamedEntityTag=COUNTRY]
[Text=. CharacterOffsetBegin=104 CharacterOffsetEnd=105 PartOfSpeech=. Lemma=. NamedEntityTag=O]

Dependency Parse (enhanced plus plus dependencies):
root(ROOT-0, theatre-14)
det(Theatre-3, The-1)
compound(Theatre-3, English-2)
nsubj(theatre-14, Theatre-3)
case(Hamburg-5, of-4)
nmod:of(Theatre-3, Hamburg-5)
case(station-9, near-6)
compound(station-9, U3-7)
compound(station-9, Mundsburg-8)
nmod:near(Theatre-3, station-9)
cop(theatre-14, is-10)
det(theatre-14, the-11)
amod(theatre-14, oldest-12)
amod(theatre-14, professional-13)
case(Germany-16, in-15)
nmod:in(theatre-14, Germany-16)
punct(theatre-14, .-17)

Extracted the following NER entity mentions:
English NATIONALITY     MISC:0.9937372030633793
Hamburg CITY    LOCATION:0.9784045054004679
U3 Mundsburg    LOCATION        LOCATION:0.5888612269319926
Germany COUNTRY LOCATION:0.9917325449450883
