Document: ID=input.txt (1 sentences, 9 tokens)

Sentence #1 (9 tokens):
Bamberg is a city next to the Regnitz.

Tokens:
[Text=Bamberg CharacterOffsetBegin=0 CharacterOffsetEnd=6 PartOfSpeech=NNP Lemma=Bamberg NamedEntityTag=LOCATION]
[Text=is CharacterOffsetBegin=7 CharacterOffsetEnd=9 PartOfSpeech=VBZ Lemma=be NamedEntityTag=O]
[Text=a CharacterOffsetBegin=10 CharacterOffsetEnd=11 PartOfSpeech=DT Lemma=a NamedEntityTag=O]
[Text=city CharacterOffsetBegin=12 CharacterOffsetEnd=16 PartOfSpeech=NN Lemma=city NamedEntityTag=O]
[Text=next CharacterOffsetBegin=17 CharacterOffsetEnd=21 PartOfSpeech=RB Lemma=next NamedEntityTag=O]
[Text=to CharacterOffsetBegin=22 CharacterOffsetEnd=24 PartOfSpeech=IN Lemma=to NamedEntityTag=O]
[Text=the CharacterOffsetBegin=25 CharacterOffsetEnd=28 PartOfSpeech=DT Lemma=the NamedEntityTag=O]
[Text=Regnitz CharacterOffsetBegin=29 CharacterOffsetEnd=36 PartOfSpeech=NNP Lemma=Regnitz NamedEntityTag=O]
[Text=. CharacterOffsetBegin=36 CharacterOffsetEnd=37 PartOfSpeech=. Lemma=. NamedEntityTag=O]

Dependency Parse (enhanced plus plus dependencies):
root(ROOT-0, city-4)
nsubj(city-4, Bamberg-1)
cop(city-4, is-2)
det(city-4, a-3)
case(Regnitz-8, next-5)
fixed(next-5, to-6)
det(Regnitz-8, the-7)
obl:next_to(city-4, Regnitz-8)
punct(city-4, .-9)

Extracted the following NER entity mentions:
Bamberg	LOCATION	LOCATION:0.4275296977584203
